2019-03-29 20:07:10,711 +0530 [main] INFO  (TC_LoginTest_001.java:14) - Url is open
2019-03-29 20:07:12,147 +0530 [main] INFO  (TC_LoginTest_001.java:18) - Enter username
2019-03-29 20:07:12,320 +0530 [main] INFO  (TC_LoginTest_001.java:20) - Enter password
2019-03-29 20:07:13,855 +0530 [main] INFO  (TC_LoginTest_001.java:25) - Login test passed
2019-03-30 11:53:28,518 +0530 [main] INFO  (TC_LoginTest_001.java:14) - Url is opened
2019-03-30 11:53:28,989 +0530 [main] INFO  (TC_LoginTest_001.java:18) - Enter username
2019-03-30 11:53:29,142 +0530 [main] INFO  (TC_LoginTest_001.java:21) - Enter password
2019-03-30 11:53:30,961 +0530 [main] INFO  (TC_LoginTest_001.java:27) - Login test passed
2019-03-30 11:59:07,427 +0530 [main] INFO  (TC_LoginTest_001.java:14) - Url is opened
2019-03-30 11:59:08,618 +0530 [main] INFO  (TC_LoginTest_001.java:18) - Enter username
2019-03-30 11:59:08,764 +0530 [main] INFO  (TC_LoginTest_001.java:21) - Enter password
2019-03-30 11:59:10,164 +0530 [main] INFO  (TC_LoginTest_001.java:27) - Login test passed
2019-03-30 13:39:18,776 +0530 [main] INFO  (TC_LoginTest_001.java:14) - Url is opened
2019-03-30 13:39:19,786 +0530 [main] INFO  (TC_LoginTest_001.java:18) - Enter username
2019-03-30 13:39:19,932 +0530 [main] INFO  (TC_LoginTest_001.java:21) - Enter password
2019-03-30 13:39:21,546 +0530 [main] INFO  (TC_LoginTest_001.java:27) - Login test passed
2019-03-30 13:40:01,575 +0530 [main] INFO  (TC_LoginTest_001.java:14) - Url is opened
2019-03-30 13:40:02,698 +0530 [main] INFO  (TC_LoginTest_001.java:18) - Enter username
2019-03-30 13:40:02,835 +0530 [main] INFO  (TC_LoginTest_001.java:21) - Enter password
2019-03-30 13:40:04,209 +0530 [main] INFO  (TC_LoginTest_001.java:27) - Login test passed
2019-03-30 13:40:31,117 +0530 [main] INFO  (TC_LoginTest_001.java:14) - Url is opened
2019-03-30 13:40:32,166 +0530 [main] INFO  (TC_LoginTest_001.java:18) - Enter username
2019-03-30 13:40:32,295 +0530 [main] INFO  (TC_LoginTest_001.java:21) - Enter password
2019-03-30 13:40:33,655 +0530 [main] INFO  (TC_LoginTest_001.java:27) - Login test passed
2019-03-30 17:22:42,854 +0530 [main] INFO  (TC_LoginTest_001.java:14) - Url is opened
2019-03-30 17:22:43,771 +0530 [main] INFO  (TC_LoginTest_001.java:18) - Enter username
2019-03-30 17:22:43,918 +0530 [main] INFO  (TC_LoginTest_001.java:21) - Enter password
2019-03-30 17:22:45,813 +0530 [main] INFO  (TC_LoginTest_001.java:27) - Login test passed
2019-03-30 17:52:28,327 +0530 [main] INFO  (TC_LoginTest_001.java:14) - Url is opened
2019-03-30 17:52:28,561 +0530 [main] INFO  (TC_LoginTest_001.java:18) - Enter username
2019-03-30 17:52:28,702 +0530 [main] INFO  (TC_LoginTest_001.java:21) - Enter password
2019-03-30 17:52:29,906 +0530 [main] INFO  (TC_LoginTest_001.java:27) - Login test passed
2019-03-30 17:56:37,168 +0530 [main] INFO  (TC_LoginTest_001.java:14) - Url is opened
2019-03-30 17:56:37,447 +0530 [main] INFO  (TC_LoginTest_001.java:18) - Enter username
2019-03-30 17:56:37,613 +0530 [main] INFO  (TC_LoginTest_001.java:21) - Enter password
2019-03-30 17:56:39,025 +0530 [main] INFO  (TC_LoginTest_001.java:27) - Login test passed
2019-03-30 17:59:36,051 +0530 [main] INFO  (TC_LoginTest_001.java:14) - Url is opened
2019-03-30 17:59:36,168 +0530 [main] INFO  (TC_LoginTest_001.java:18) - Enter username
2019-03-30 17:59:36,226 +0530 [main] INFO  (TC_LoginTest_001.java:21) - Enter password
2019-03-30 17:59:38,604 +0530 [main] INFO  (TC_LoginTest_001.java:27) - Login test passed
2019-03-30 18:01:05,217 +0530 [main] INFO  (TC_LoginTest_001.java:14) - Url is opened
2019-03-30 18:01:05,359 +0530 [main] INFO  (TC_LoginTest_001.java:18) - Enter username
2019-03-30 18:01:05,414 +0530 [main] INFO  (TC_LoginTest_001.java:21) - Enter password
2019-03-30 18:01:07,403 +0530 [main] INFO  (TC_LoginTest_001.java:27) - Login test passed
2019-04-01 12:42:43,525 +0530 [main] INFO  (TC_LoginTest_001.java:14) - Url is opened
2019-04-01 12:42:44,160 +0530 [main] INFO  (TC_LoginTest_001.java:18) - Enter username
2019-04-01 12:42:44,322 +0530 [main] INFO  (TC_LoginTest_001.java:21) - Enter password
2019-04-01 12:42:46,341 +0530 [main] INFO  (TC_LoginTest_001.java:27) - Login test passed
2019-04-01 12:42:46,605 +0530 [main] DEBUG (_Log4jLoggerFactory.java:45) - Couldn't find template in cache for "index.ftl"("en", UTF-8, parsed); will try to load it.
2019-04-01 12:42:46,607 +0530 [main] DEBUG (_Log4jLoggerFactory.java:45) - TemplateLoader.findTemplateSource("index_en.ftl"): Not found
2019-04-01 12:42:46,611 +0530 [main] DEBUG (_Log4jLoggerFactory.java:45) - TemplateLoader.findTemplateSource("index.ftl"): Found
2019-04-01 12:42:46,612 +0530 [main] DEBUG (_Log4jLoggerFactory.java:45) - Loading template for "index.ftl"("en", UTF-8, parsed) from "jar:file:/home/suraj/.m2/repository/com/aventstack/extentreports/3.1.2/extentreports-3.1.2.jar!/com/aventstack/extentreports/view/html-report/index.ftl"
2019-04-01 12:42:47,162 +0530 [main] DEBUG (_Log4jLoggerFactory.java:45) - Couldn't find template in cache for "head.ftl"("en", UTF-8, parsed); will try to load it.
2019-04-01 12:42:47,163 +0530 [main] DEBUG (_Log4jLoggerFactory.java:45) - TemplateLoader.findTemplateSource("head_en.ftl"): Not found
2019-04-01 12:42:47,163 +0530 [main] DEBUG (_Log4jLoggerFactory.java:45) - TemplateLoader.findTemplateSource("head.ftl"): Found
2019-04-01 12:42:47,164 +0530 [main] DEBUG (_Log4jLoggerFactory.java:45) - Loading template for "head.ftl"("en", UTF-8, parsed) from "jar:file:/home/suraj/.m2/repository/com/aventstack/extentreports/3.1.2/extentreports-3.1.2.jar!/com/aventstack/extentreports/view/html-report/head.ftl"
2019-04-01 12:42:47,169 +0530 [main] DEBUG (_Log4jLoggerFactory.java:45) - Couldn't find template in cache for "nav.ftl"("en", UTF-8, parsed); will try to load it.
2019-04-01 12:42:47,169 +0530 [main] DEBUG (_Log4jLoggerFactory.java:45) - TemplateLoader.findTemplateSource("nav_en.ftl"): Not found
2019-04-01 12:42:47,170 +0530 [main] DEBUG (_Log4jLoggerFactory.java:45) - TemplateLoader.findTemplateSource("nav.ftl"): Found
2019-04-01 12:42:47,170 +0530 [main] DEBUG (_Log4jLoggerFactory.java:45) - Loading template for "nav.ftl"("en", UTF-8, parsed) from "jar:file:/home/suraj/.m2/repository/com/aventstack/extentreports/3.1.2/extentreports-3.1.2.jar!/com/aventstack/extentreports/view/html-report/nav.ftl"
2019-04-01 12:42:47,182 +0530 [main] DEBUG (_Log4jLoggerFactory.java:45) - Couldn't find template in cache for "test-view/test-view.ftl"("en", UTF-8, parsed); will try to load it.
2019-04-01 12:42:47,182 +0530 [main] DEBUG (_Log4jLoggerFactory.java:45) - TemplateLoader.findTemplateSource("test-view/test-view_en.ftl"): Not found
2019-04-01 12:42:47,183 +0530 [main] DEBUG (_Log4jLoggerFactory.java:45) - TemplateLoader.findTemplateSource("test-view/test-view.ftl"): Found
2019-04-01 12:42:47,183 +0530 [main] DEBUG (_Log4jLoggerFactory.java:45) - Loading template for "test-view/test-view.ftl"("en", UTF-8, parsed) from "jar:file:/home/suraj/.m2/repository/com/aventstack/extentreports/3.1.2/extentreports-3.1.2.jar!/com/aventstack/extentreports/view/html-report/test-view/test-view.ftl"
2019-04-01 12:42:47,197 +0530 [main] DEBUG (_Log4jLoggerFactory.java:45) - Couldn't find template in cache for "test-view/test-view-charts.ftl"("en", UTF-8, parsed); will try to load it.
2019-04-01 12:42:47,198 +0530 [main] DEBUG (_Log4jLoggerFactory.java:45) - TemplateLoader.findTemplateSource("test-view/test-view-charts_en.ftl"): Not found
2019-04-01 12:42:47,199 +0530 [main] DEBUG (_Log4jLoggerFactory.java:45) - TemplateLoader.findTemplateSource("test-view/test-view-charts.ftl"): Found
2019-04-01 12:42:47,199 +0530 [main] DEBUG (_Log4jLoggerFactory.java:45) - Loading template for "test-view/test-view-charts.ftl"("en", UTF-8, parsed) from "jar:file:/home/suraj/.m2/repository/com/aventstack/extentreports/3.1.2/extentreports-3.1.2.jar!/com/aventstack/extentreports/view/html-report/test-view/test-view-charts.ftl"
2019-04-01 12:42:47,221 +0530 [main] DEBUG (_Log4jLoggerFactory.java:45) - Couldn't find template in cache for "test-view/standard.ftl"("en", UTF-8, parsed); will try to load it.
2019-04-01 12:42:47,222 +0530 [main] DEBUG (_Log4jLoggerFactory.java:45) - TemplateLoader.findTemplateSource("test-view/standard_en.ftl"): Not found
2019-04-01 12:42:47,223 +0530 [main] DEBUG (_Log4jLoggerFactory.java:45) - TemplateLoader.findTemplateSource("test-view/standard.ftl"): Found
2019-04-01 12:42:47,224 +0530 [main] DEBUG (_Log4jLoggerFactory.java:45) - Loading template for "test-view/standard.ftl"("en", UTF-8, parsed) from "jar:file:/home/suraj/.m2/repository/com/aventstack/extentreports/3.1.2/extentreports-3.1.2.jar!/com/aventstack/extentreports/view/html-report/test-view/standard.ftl"
2019-04-01 12:42:47,259 +0530 [main] DEBUG (_Log4jLoggerFactory.java:45) - Couldn't find template in cache for "category-view/category-view.ftl"("en", UTF-8, parsed); will try to load it.
2019-04-01 12:42:47,259 +0530 [main] DEBUG (_Log4jLoggerFactory.java:45) - TemplateLoader.findTemplateSource("category-view/category-view_en.ftl"): Not found
2019-04-01 12:42:47,260 +0530 [main] DEBUG (_Log4jLoggerFactory.java:45) - TemplateLoader.findTemplateSource("category-view/category-view.ftl"): Found
2019-04-01 12:42:47,260 +0530 [main] DEBUG (_Log4jLoggerFactory.java:45) - Loading template for "category-view/category-view.ftl"("en", UTF-8, parsed) from "jar:file:/home/suraj/.m2/repository/com/aventstack/extentreports/3.1.2/extentreports-3.1.2.jar!/com/aventstack/extentreports/view/html-report/category-view/category-view.ftl"
2019-04-01 12:42:47,265 +0530 [main] DEBUG (_Log4jLoggerFactory.java:45) - Couldn't find template in cache for "author-view/author-view.ftl"("en", UTF-8, parsed); will try to load it.
2019-04-01 12:42:47,267 +0530 [main] DEBUG (_Log4jLoggerFactory.java:45) - TemplateLoader.findTemplateSource("author-view/author-view_en.ftl"): Not found
2019-04-01 12:42:47,268 +0530 [main] DEBUG (_Log4jLoggerFactory.java:45) - TemplateLoader.findTemplateSource("author-view/author-view.ftl"): Found
2019-04-01 12:42:47,268 +0530 [main] DEBUG (_Log4jLoggerFactory.java:45) - Loading template for "author-view/author-view.ftl"("en", UTF-8, parsed) from "jar:file:/home/suraj/.m2/repository/com/aventstack/extentreports/3.1.2/extentreports-3.1.2.jar!/com/aventstack/extentreports/view/html-report/author-view/author-view.ftl"
2019-04-01 12:42:47,287 +0530 [main] DEBUG (_Log4jLoggerFactory.java:45) - Couldn't find template in cache for "exception-view/exception-view.ftl"("en", UTF-8, parsed); will try to load it.
2019-04-01 12:42:47,288 +0530 [main] DEBUG (_Log4jLoggerFactory.java:45) - TemplateLoader.findTemplateSource("exception-view/exception-view_en.ftl"): Not found
2019-04-01 12:42:47,289 +0530 [main] DEBUG (_Log4jLoggerFactory.java:45) - TemplateLoader.findTemplateSource("exception-view/exception-view.ftl"): Found
2019-04-01 12:42:47,289 +0530 [main] DEBUG (_Log4jLoggerFactory.java:45) - Loading template for "exception-view/exception-view.ftl"("en", UTF-8, parsed) from "jar:file:/home/suraj/.m2/repository/com/aventstack/extentreports/3.1.2/extentreports-3.1.2.jar!/com/aventstack/extentreports/view/html-report/exception-view/exception-view.ftl"
2019-04-01 12:42:47,295 +0530 [main] DEBUG (_Log4jLoggerFactory.java:45) - Couldn't find template in cache for "dashboard-view/dashboard-view.ftl"("en", UTF-8, parsed); will try to load it.
2019-04-01 12:42:47,295 +0530 [main] DEBUG (_Log4jLoggerFactory.java:45) - TemplateLoader.findTemplateSource("dashboard-view/dashboard-view_en.ftl"): Not found
2019-04-01 12:42:47,296 +0530 [main] DEBUG (_Log4jLoggerFactory.java:45) - TemplateLoader.findTemplateSource("dashboard-view/dashboard-view.ftl"): Found
2019-04-01 12:42:47,296 +0530 [main] DEBUG (_Log4jLoggerFactory.java:45) - Loading template for "dashboard-view/dashboard-view.ftl"("en", UTF-8, parsed) from "jar:file:/home/suraj/.m2/repository/com/aventstack/extentreports/3.1.2/extentreports-3.1.2.jar!/com/aventstack/extentreports/view/html-report/dashboard-view/dashboard-view.ftl"
2019-04-01 12:42:47,340 +0530 [main] DEBUG (_Log4jLoggerFactory.java:45) - Couldn't find template in cache for "logs-view/testrunner-logs-view.ftl"("en", UTF-8, parsed); will try to load it.
2019-04-01 12:42:47,342 +0530 [main] DEBUG (_Log4jLoggerFactory.java:45) - TemplateLoader.findTemplateSource("logs-view/testrunner-logs-view_en.ftl"): Not found
2019-04-01 12:42:47,343 +0530 [main] DEBUG (_Log4jLoggerFactory.java:45) - TemplateLoader.findTemplateSource("logs-view/testrunner-logs-view.ftl"): Found
2019-04-01 12:42:47,344 +0530 [main] DEBUG (_Log4jLoggerFactory.java:45) - Loading template for "logs-view/testrunner-logs-view.ftl"("en", UTF-8, parsed) from "jar:file:/home/suraj/.m2/repository/com/aventstack/extentreports/3.1.2/extentreports-3.1.2.jar!/com/aventstack/extentreports/view/html-report/logs-view/testrunner-logs-view.ftl"
2019-04-01 12:48:48,716 +0530 [main] INFO  (TC_LoginTest_001.java:14) - Url is opened
2019-04-01 12:48:49,858 +0530 [main] INFO  (TC_LoginTest_001.java:18) - Enter username
2019-04-01 12:48:50,013 +0530 [main] INFO  (TC_LoginTest_001.java:21) - Enter password
2019-04-01 12:48:51,841 +0530 [main] INFO  (TC_LoginTest_001.java:27) - Login test passed
2019-04-01 12:48:52,017 +0530 [main] DEBUG (_Log4jLoggerFactory.java:45) - Couldn't find template in cache for "index.ftl"("en", UTF-8, parsed); will try to load it.
2019-04-01 12:48:52,019 +0530 [main] DEBUG (_Log4jLoggerFactory.java:45) - TemplateLoader.findTemplateSource("index_en.ftl"): Not found
2019-04-01 12:48:52,021 +0530 [main] DEBUG (_Log4jLoggerFactory.java:45) - TemplateLoader.findTemplateSource("index.ftl"): Found
2019-04-01 12:48:52,022 +0530 [main] DEBUG (_Log4jLoggerFactory.java:45) - Loading template for "index.ftl"("en", UTF-8, parsed) from "jar:file:/home/suraj/.m2/repository/com/aventstack/extentreports/3.1.2/extentreports-3.1.2.jar!/com/aventstack/extentreports/view/html-report/index.ftl"
2019-04-01 12:48:52,435 +0530 [main] DEBUG (_Log4jLoggerFactory.java:45) - Couldn't find template in cache for "head.ftl"("en", UTF-8, parsed); will try to load it.
2019-04-01 12:48:52,435 +0530 [main] DEBUG (_Log4jLoggerFactory.java:45) - TemplateLoader.findTemplateSource("head_en.ftl"): Not found
2019-04-01 12:48:52,436 +0530 [main] DEBUG (_Log4jLoggerFactory.java:45) - TemplateLoader.findTemplateSource("head.ftl"): Found
2019-04-01 12:48:52,436 +0530 [main] DEBUG (_Log4jLoggerFactory.java:45) - Loading template for "head.ftl"("en", UTF-8, parsed) from "jar:file:/home/suraj/.m2/repository/com/aventstack/extentreports/3.1.2/extentreports-3.1.2.jar!/com/aventstack/extentreports/view/html-report/head.ftl"
2019-04-01 12:48:52,442 +0530 [main] DEBUG (_Log4jLoggerFactory.java:45) - Couldn't find template in cache for "nav.ftl"("en", UTF-8, parsed); will try to load it.
2019-04-01 12:48:52,442 +0530 [main] DEBUG (_Log4jLoggerFactory.java:45) - TemplateLoader.findTemplateSource("nav_en.ftl"): Not found
2019-04-01 12:48:52,443 +0530 [main] DEBUG (_Log4jLoggerFactory.java:45) - TemplateLoader.findTemplateSource("nav.ftl"): Found
2019-04-01 12:48:52,444 +0530 [main] DEBUG (_Log4jLoggerFactory.java:45) - Loading template for "nav.ftl"("en", UTF-8, parsed) from "jar:file:/home/suraj/.m2/repository/com/aventstack/extentreports/3.1.2/extentreports-3.1.2.jar!/com/aventstack/extentreports/view/html-report/nav.ftl"
2019-04-01 12:48:52,457 +0530 [main] DEBUG (_Log4jLoggerFactory.java:45) - Couldn't find template in cache for "test-view/test-view.ftl"("en", UTF-8, parsed); will try to load it.
2019-04-01 12:48:52,457 +0530 [main] DEBUG (_Log4jLoggerFactory.java:45) - TemplateLoader.findTemplateSource("test-view/test-view_en.ftl"): Not found
2019-04-01 12:48:52,458 +0530 [main] DEBUG (_Log4jLoggerFactory.java:45) - TemplateLoader.findTemplateSource("test-view/test-view.ftl"): Found
2019-04-01 12:48:52,458 +0530 [main] DEBUG (_Log4jLoggerFactory.java:45) - Loading template for "test-view/test-view.ftl"("en", UTF-8, parsed) from "jar:file:/home/suraj/.m2/repository/com/aventstack/extentreports/3.1.2/extentreports-3.1.2.jar!/com/aventstack/extentreports/view/html-report/test-view/test-view.ftl"
2019-04-01 12:48:52,473 +0530 [main] DEBUG (_Log4jLoggerFactory.java:45) - Couldn't find template in cache for "test-view/test-view-charts.ftl"("en", UTF-8, parsed); will try to load it.
2019-04-01 12:48:52,474 +0530 [main] DEBUG (_Log4jLoggerFactory.java:45) - TemplateLoader.findTemplateSource("test-view/test-view-charts_en.ftl"): Not found
2019-04-01 12:48:52,474 +0530 [main] DEBUG (_Log4jLoggerFactory.java:45) - TemplateLoader.findTemplateSource("test-view/test-view-charts.ftl"): Found
2019-04-01 12:48:52,475 +0530 [main] DEBUG (_Log4jLoggerFactory.java:45) - Loading template for "test-view/test-view-charts.ftl"("en", UTF-8, parsed) from "jar:file:/home/suraj/.m2/repository/com/aventstack/extentreports/3.1.2/extentreports-3.1.2.jar!/com/aventstack/extentreports/view/html-report/test-view/test-view-charts.ftl"
2019-04-01 12:48:52,497 +0530 [main] DEBUG (_Log4jLoggerFactory.java:45) - Couldn't find template in cache for "test-view/standard.ftl"("en", UTF-8, parsed); will try to load it.
2019-04-01 12:48:52,497 +0530 [main] DEBUG (_Log4jLoggerFactory.java:45) - TemplateLoader.findTemplateSource("test-view/standard_en.ftl"): Not found
2019-04-01 12:48:52,498 +0530 [main] DEBUG (_Log4jLoggerFactory.java:45) - TemplateLoader.findTemplateSource("test-view/standard.ftl"): Found
2019-04-01 12:48:52,498 +0530 [main] DEBUG (_Log4jLoggerFactory.java:45) - Loading template for "test-view/standard.ftl"("en", UTF-8, parsed) from "jar:file:/home/suraj/.m2/repository/com/aventstack/extentreports/3.1.2/extentreports-3.1.2.jar!/com/aventstack/extentreports/view/html-report/test-view/standard.ftl"
2019-04-01 12:48:52,523 +0530 [main] DEBUG (_Log4jLoggerFactory.java:45) - Couldn't find template in cache for "category-view/category-view.ftl"("en", UTF-8, parsed); will try to load it.
2019-04-01 12:48:52,524 +0530 [main] DEBUG (_Log4jLoggerFactory.java:45) - TemplateLoader.findTemplateSource("category-view/category-view_en.ftl"): Not found
2019-04-01 12:48:52,525 +0530 [main] DEBUG (_Log4jLoggerFactory.java:45) - TemplateLoader.findTemplateSource("category-view/category-view.ftl"): Found
2019-04-01 12:48:52,525 +0530 [main] DEBUG (_Log4jLoggerFactory.java:45) - Loading template for "category-view/category-view.ftl"("en", UTF-8, parsed) from "jar:file:/home/suraj/.m2/repository/com/aventstack/extentreports/3.1.2/extentreports-3.1.2.jar!/com/aventstack/extentreports/view/html-report/category-view/category-view.ftl"
2019-04-01 12:48:52,531 +0530 [main] DEBUG (_Log4jLoggerFactory.java:45) - Couldn't find template in cache for "author-view/author-view.ftl"("en", UTF-8, parsed); will try to load it.
2019-04-01 12:48:52,532 +0530 [main] DEBUG (_Log4jLoggerFactory.java:45) - TemplateLoader.findTemplateSource("author-view/author-view_en.ftl"): Not found
2019-04-01 12:48:52,532 +0530 [main] DEBUG (_Log4jLoggerFactory.java:45) - TemplateLoader.findTemplateSource("author-view/author-view.ftl"): Found
2019-04-01 12:48:52,533 +0530 [main] DEBUG (_Log4jLoggerFactory.java:45) - Loading template for "author-view/author-view.ftl"("en", UTF-8, parsed) from "jar:file:/home/suraj/.m2/repository/com/aventstack/extentreports/3.1.2/extentreports-3.1.2.jar!/com/aventstack/extentreports/view/html-report/author-view/author-view.ftl"
2019-04-01 12:48:52,545 +0530 [main] DEBUG (_Log4jLoggerFactory.java:45) - Couldn't find template in cache for "exception-view/exception-view.ftl"("en", UTF-8, parsed); will try to load it.
2019-04-01 12:48:52,545 +0530 [main] DEBUG (_Log4jLoggerFactory.java:45) - TemplateLoader.findTemplateSource("exception-view/exception-view_en.ftl"): Not found
2019-04-01 12:48:52,546 +0530 [main] DEBUG (_Log4jLoggerFactory.java:45) - TemplateLoader.findTemplateSource("exception-view/exception-view.ftl"): Found
2019-04-01 12:48:52,546 +0530 [main] DEBUG (_Log4jLoggerFactory.java:45) - Loading template for "exception-view/exception-view.ftl"("en", UTF-8, parsed) from "jar:file:/home/suraj/.m2/repository/com/aventstack/extentreports/3.1.2/extentreports-3.1.2.jar!/com/aventstack/extentreports/view/html-report/exception-view/exception-view.ftl"
2019-04-01 12:48:52,552 +0530 [main] DEBUG (_Log4jLoggerFactory.java:45) - Couldn't find template in cache for "dashboard-view/dashboard-view.ftl"("en", UTF-8, parsed); will try to load it.
2019-04-01 12:48:52,553 +0530 [main] DEBUG (_Log4jLoggerFactory.java:45) - TemplateLoader.findTemplateSource("dashboard-view/dashboard-view_en.ftl"): Not found
2019-04-01 12:48:52,554 +0530 [main] DEBUG (_Log4jLoggerFactory.java:45) - TemplateLoader.findTemplateSource("dashboard-view/dashboard-view.ftl"): Found
2019-04-01 12:48:52,554 +0530 [main] DEBUG (_Log4jLoggerFactory.java:45) - Loading template for "dashboard-view/dashboard-view.ftl"("en", UTF-8, parsed) from "jar:file:/home/suraj/.m2/repository/com/aventstack/extentreports/3.1.2/extentreports-3.1.2.jar!/com/aventstack/extentreports/view/html-report/dashboard-view/dashboard-view.ftl"
2019-04-01 12:48:52,568 +0530 [main] DEBUG (_Log4jLoggerFactory.java:45) - Couldn't find template in cache for "logs-view/testrunner-logs-view.ftl"("en", UTF-8, parsed); will try to load it.
2019-04-01 12:48:52,573 +0530 [main] DEBUG (_Log4jLoggerFactory.java:45) - TemplateLoader.findTemplateSource("logs-view/testrunner-logs-view_en.ftl"): Not found
2019-04-01 12:48:52,574 +0530 [main] DEBUG (_Log4jLoggerFactory.java:45) - TemplateLoader.findTemplateSource("logs-view/testrunner-logs-view.ftl"): Found
2019-04-01 12:48:52,575 +0530 [main] DEBUG (_Log4jLoggerFactory.java:45) - Loading template for "logs-view/testrunner-logs-view.ftl"("en", UTF-8, parsed) from "jar:file:/home/suraj/.m2/repository/com/aventstack/extentreports/3.1.2/extentreports-3.1.2.jar!/com/aventstack/extentreports/view/html-report/logs-view/testrunner-logs-view.ftl"
2019-04-01 13:01:56,833 +0530 [main] INFO  (TC_LoginTest_001.java:14) - Url is opened
2019-04-01 13:01:57,903 +0530 [main] INFO  (TC_LoginTest_001.java:18) - Enter username
2019-04-01 13:01:58,045 +0530 [main] INFO  (TC_LoginTest_001.java:21) - Enter password
2019-04-01 13:01:59,685 +0530 [main] INFO  (TC_LoginTest_001.java:27) - Login test passed
2019-04-01 13:01:59,842 +0530 [main] DEBUG (_Log4jLoggerFactory.java:45) - Couldn't find template in cache for "index.ftl"("en", UTF-8, parsed); will try to load it.
2019-04-01 13:01:59,844 +0530 [main] DEBUG (_Log4jLoggerFactory.java:45) - TemplateLoader.findTemplateSource("index_en.ftl"): Not found
2019-04-01 13:01:59,848 +0530 [main] DEBUG (_Log4jLoggerFactory.java:45) - TemplateLoader.findTemplateSource("index.ftl"): Found
2019-04-01 13:01:59,849 +0530 [main] DEBUG (_Log4jLoggerFactory.java:45) - Loading template for "index.ftl"("en", UTF-8, parsed) from "jar:file:/home/suraj/.m2/repository/com/aventstack/extentreports/3.1.2/extentreports-3.1.2.jar!/com/aventstack/extentreports/view/html-report/index.ftl"
2019-04-01 13:02:00,357 +0530 [main] DEBUG (_Log4jLoggerFactory.java:45) - Couldn't find template in cache for "head.ftl"("en", UTF-8, parsed); will try to load it.
2019-04-01 13:02:00,359 +0530 [main] DEBUG (_Log4jLoggerFactory.java:45) - TemplateLoader.findTemplateSource("head_en.ftl"): Not found
2019-04-01 13:02:00,361 +0530 [main] DEBUG (_Log4jLoggerFactory.java:45) - TemplateLoader.findTemplateSource("head.ftl"): Found
2019-04-01 13:02:00,362 +0530 [main] DEBUG (_Log4jLoggerFactory.java:45) - Loading template for "head.ftl"("en", UTF-8, parsed) from "jar:file:/home/suraj/.m2/repository/com/aventstack/extentreports/3.1.2/extentreports-3.1.2.jar!/com/aventstack/extentreports/view/html-report/head.ftl"
2019-04-01 13:02:00,370 +0530 [main] DEBUG (_Log4jLoggerFactory.java:45) - Couldn't find template in cache for "nav.ftl"("en", UTF-8, parsed); will try to load it.
2019-04-01 13:02:00,371 +0530 [main] DEBUG (_Log4jLoggerFactory.java:45) - TemplateLoader.findTemplateSource("nav_en.ftl"): Not found
2019-04-01 13:02:00,372 +0530 [main] DEBUG (_Log4jLoggerFactory.java:45) - TemplateLoader.findTemplateSource("nav.ftl"): Found
2019-04-01 13:02:00,372 +0530 [main] DEBUG (_Log4jLoggerFactory.java:45) - Loading template for "nav.ftl"("en", UTF-8, parsed) from "jar:file:/home/suraj/.m2/repository/com/aventstack/extentreports/3.1.2/extentreports-3.1.2.jar!/com/aventstack/extentreports/view/html-report/nav.ftl"
2019-04-01 13:02:00,390 +0530 [main] DEBUG (_Log4jLoggerFactory.java:45) - Couldn't find template in cache for "test-view/test-view.ftl"("en", UTF-8, parsed); will try to load it.
2019-04-01 13:02:00,391 +0530 [main] DEBUG (_Log4jLoggerFactory.java:45) - TemplateLoader.findTemplateSource("test-view/test-view_en.ftl"): Not found
2019-04-01 13:02:00,391 +0530 [main] DEBUG (_Log4jLoggerFactory.java:45) - TemplateLoader.findTemplateSource("test-view/test-view.ftl"): Found
2019-04-01 13:02:00,392 +0530 [main] DEBUG (_Log4jLoggerFactory.java:45) - Loading template for "test-view/test-view.ftl"("en", UTF-8, parsed) from "jar:file:/home/suraj/.m2/repository/com/aventstack/extentreports/3.1.2/extentreports-3.1.2.jar!/com/aventstack/extentreports/view/html-report/test-view/test-view.ftl"
2019-04-01 13:02:00,408 +0530 [main] DEBUG (_Log4jLoggerFactory.java:45) - Couldn't find template in cache for "test-view/test-view-charts.ftl"("en", UTF-8, parsed); will try to load it.
2019-04-01 13:02:00,409 +0530 [main] DEBUG (_Log4jLoggerFactory.java:45) - TemplateLoader.findTemplateSource("test-view/test-view-charts_en.ftl"): Not found
2019-04-01 13:02:00,410 +0530 [main] DEBUG (_Log4jLoggerFactory.java:45) - TemplateLoader.findTemplateSource("test-view/test-view-charts.ftl"): Found
2019-04-01 13:02:00,410 +0530 [main] DEBUG (_Log4jLoggerFactory.java:45) - Loading template for "test-view/test-view-charts.ftl"("en", UTF-8, parsed) from "jar:file:/home/suraj/.m2/repository/com/aventstack/extentreports/3.1.2/extentreports-3.1.2.jar!/com/aventstack/extentreports/view/html-report/test-view/test-view-charts.ftl"
2019-04-01 13:02:00,439 +0530 [main] DEBUG (_Log4jLoggerFactory.java:45) - Couldn't find template in cache for "test-view/standard.ftl"("en", UTF-8, parsed); will try to load it.
2019-04-01 13:02:00,441 +0530 [main] DEBUG (_Log4jLoggerFactory.java:45) - TemplateLoader.findTemplateSource("test-view/standard_en.ftl"): Not found
2019-04-01 13:02:00,444 +0530 [main] DEBUG (_Log4jLoggerFactory.java:45) - TemplateLoader.findTemplateSource("test-view/standard.ftl"): Found
2019-04-01 13:02:00,447 +0530 [main] DEBUG (_Log4jLoggerFactory.java:45) - Loading template for "test-view/standard.ftl"("en", UTF-8, parsed) from "jar:file:/home/suraj/.m2/repository/com/aventstack/extentreports/3.1.2/extentreports-3.1.2.jar!/com/aventstack/extentreports/view/html-report/test-view/standard.ftl"
2019-04-01 13:02:00,481 +0530 [main] DEBUG (_Log4jLoggerFactory.java:45) - Couldn't find template in cache for "category-view/category-view.ftl"("en", UTF-8, parsed); will try to load it.
2019-04-01 13:02:00,482 +0530 [main] DEBUG (_Log4jLoggerFactory.java:45) - TemplateLoader.findTemplateSource("category-view/category-view_en.ftl"): Not found
2019-04-01 13:02:00,483 +0530 [main] DEBUG (_Log4jLoggerFactory.java:45) - TemplateLoader.findTemplateSource("category-view/category-view.ftl"): Found
2019-04-01 13:02:00,483 +0530 [main] DEBUG (_Log4jLoggerFactory.java:45) - Loading template for "category-view/category-view.ftl"("en", UTF-8, parsed) from "jar:file:/home/suraj/.m2/repository/com/aventstack/extentreports/3.1.2/extentreports-3.1.2.jar!/com/aventstack/extentreports/view/html-report/category-view/category-view.ftl"
2019-04-01 13:02:00,496 +0530 [main] DEBUG (_Log4jLoggerFactory.java:45) - Couldn't find template in cache for "author-view/author-view.ftl"("en", UTF-8, parsed); will try to load it.
2019-04-01 13:02:00,497 +0530 [main] DEBUG (_Log4jLoggerFactory.java:45) - TemplateLoader.findTemplateSource("author-view/author-view_en.ftl"): Not found
2019-04-01 13:02:00,497 +0530 [main] DEBUG (_Log4jLoggerFactory.java:45) - TemplateLoader.findTemplateSource("author-view/author-view.ftl"): Found
2019-04-01 13:02:00,498 +0530 [main] DEBUG (_Log4jLoggerFactory.java:45) - Loading template for "author-view/author-view.ftl"("en", UTF-8, parsed) from "jar:file:/home/suraj/.m2/repository/com/aventstack/extentreports/3.1.2/extentreports-3.1.2.jar!/com/aventstack/extentreports/view/html-report/author-view/author-view.ftl"
2019-04-01 13:02:00,513 +0530 [main] DEBUG (_Log4jLoggerFactory.java:45) - Couldn't find template in cache for "exception-view/exception-view.ftl"("en", UTF-8, parsed); will try to load it.
2019-04-01 13:02:00,513 +0530 [main] DEBUG (_Log4jLoggerFactory.java:45) - TemplateLoader.findTemplateSource("exception-view/exception-view_en.ftl"): Not found
2019-04-01 13:02:00,514 +0530 [main] DEBUG (_Log4jLoggerFactory.java:45) - TemplateLoader.findTemplateSource("exception-view/exception-view.ftl"): Found
2019-04-01 13:02:00,515 +0530 [main] DEBUG (_Log4jLoggerFactory.java:45) - Loading template for "exception-view/exception-view.ftl"("en", UTF-8, parsed) from "jar:file:/home/suraj/.m2/repository/com/aventstack/extentreports/3.1.2/extentreports-3.1.2.jar!/com/aventstack/extentreports/view/html-report/exception-view/exception-view.ftl"
2019-04-01 13:02:00,523 +0530 [main] DEBUG (_Log4jLoggerFactory.java:45) - Couldn't find template in cache for "dashboard-view/dashboard-view.ftl"("en", UTF-8, parsed); will try to load it.
2019-04-01 13:02:00,524 +0530 [main] DEBUG (_Log4jLoggerFactory.java:45) - TemplateLoader.findTemplateSource("dashboard-view/dashboard-view_en.ftl"): Not found
2019-04-01 13:02:00,525 +0530 [main] DEBUG (_Log4jLoggerFactory.java:45) - TemplateLoader.findTemplateSource("dashboard-view/dashboard-view.ftl"): Found
2019-04-01 13:02:00,534 +0530 [main] DEBUG (_Log4jLoggerFactory.java:45) - Loading template for "dashboard-view/dashboard-view.ftl"("en", UTF-8, parsed) from "jar:file:/home/suraj/.m2/repository/com/aventstack/extentreports/3.1.2/extentreports-3.1.2.jar!/com/aventstack/extentreports/view/html-report/dashboard-view/dashboard-view.ftl"
2019-04-01 13:02:00,560 +0530 [main] DEBUG (_Log4jLoggerFactory.java:45) - Couldn't find template in cache for "logs-view/testrunner-logs-view.ftl"("en", UTF-8, parsed); will try to load it.
2019-04-01 13:02:00,569 +0530 [main] DEBUG (_Log4jLoggerFactory.java:45) - TemplateLoader.findTemplateSource("logs-view/testrunner-logs-view_en.ftl"): Not found
2019-04-01 13:02:00,571 +0530 [main] DEBUG (_Log4jLoggerFactory.java:45) - TemplateLoader.findTemplateSource("logs-view/testrunner-logs-view.ftl"): Found
2019-04-01 13:02:00,571 +0530 [main] DEBUG (_Log4jLoggerFactory.java:45) - Loading template for "logs-view/testrunner-logs-view.ftl"("en", UTF-8, parsed) from "jar:file:/home/suraj/.m2/repository/com/aventstack/extentreports/3.1.2/extentreports-3.1.2.jar!/com/aventstack/extentreports/view/html-report/logs-view/testrunner-logs-view.ftl"
2019-04-01 13:17:41,043 +0530 [main] INFO  (TC_LoginTest_001.java:14) - Url is opened
2019-04-01 13:17:42,026 +0530 [main] INFO  (TC_LoginTest_001.java:18) - Enter username
2019-04-01 13:17:42,157 +0530 [main] INFO  (TC_LoginTest_001.java:21) - Enter password
2019-04-01 13:17:43,536 +0530 [main] INFO  (TC_LoginTest_001.java:27) - Login test passed
2019-04-01 13:17:43,718 +0530 [main] DEBUG (_Log4jLoggerFactory.java:45) - Couldn't find template in cache for "index.ftl"("en", UTF-8, parsed); will try to load it.
2019-04-01 13:17:43,720 +0530 [main] DEBUG (_Log4jLoggerFactory.java:45) - TemplateLoader.findTemplateSource("index_en.ftl"): Not found
2019-04-01 13:17:43,725 +0530 [main] DEBUG (_Log4jLoggerFactory.java:45) - TemplateLoader.findTemplateSource("index.ftl"): Found
2019-04-01 13:17:43,726 +0530 [main] DEBUG (_Log4jLoggerFactory.java:45) - Loading template for "index.ftl"("en", UTF-8, parsed) from "jar:file:/home/suraj/.m2/repository/com/aventstack/extentreports/3.1.2/extentreports-3.1.2.jar!/com/aventstack/extentreports/view/html-report/index.ftl"
2019-04-01 13:17:44,099 +0530 [main] DEBUG (_Log4jLoggerFactory.java:45) - Couldn't find template in cache for "head.ftl"("en", UTF-8, parsed); will try to load it.
2019-04-01 13:17:44,099 +0530 [main] DEBUG (_Log4jLoggerFactory.java:45) - TemplateLoader.findTemplateSource("head_en.ftl"): Not found
2019-04-01 13:17:44,100 +0530 [main] DEBUG (_Log4jLoggerFactory.java:45) - TemplateLoader.findTemplateSource("head.ftl"): Found
2019-04-01 13:17:44,100 +0530 [main] DEBUG (_Log4jLoggerFactory.java:45) - Loading template for "head.ftl"("en", UTF-8, parsed) from "jar:file:/home/suraj/.m2/repository/com/aventstack/extentreports/3.1.2/extentreports-3.1.2.jar!/com/aventstack/extentreports/view/html-report/head.ftl"
2019-04-01 13:17:44,106 +0530 [main] DEBUG (_Log4jLoggerFactory.java:45) - Couldn't find template in cache for "nav.ftl"("en", UTF-8, parsed); will try to load it.
2019-04-01 13:17:44,107 +0530 [main] DEBUG (_Log4jLoggerFactory.java:45) - TemplateLoader.findTemplateSource("nav_en.ftl"): Not found
2019-04-01 13:17:44,107 +0530 [main] DEBUG (_Log4jLoggerFactory.java:45) - TemplateLoader.findTemplateSource("nav.ftl"): Found
2019-04-01 13:17:44,108 +0530 [main] DEBUG (_Log4jLoggerFactory.java:45) - Loading template for "nav.ftl"("en", UTF-8, parsed) from "jar:file:/home/suraj/.m2/repository/com/aventstack/extentreports/3.1.2/extentreports-3.1.2.jar!/com/aventstack/extentreports/view/html-report/nav.ftl"
2019-04-01 13:17:44,117 +0530 [main] DEBUG (_Log4jLoggerFactory.java:45) - Couldn't find template in cache for "test-view/test-view.ftl"("en", UTF-8, parsed); will try to load it.
2019-04-01 13:17:44,117 +0530 [main] DEBUG (_Log4jLoggerFactory.java:45) - TemplateLoader.findTemplateSource("test-view/test-view_en.ftl"): Not found
2019-04-01 13:17:44,118 +0530 [main] DEBUG (_Log4jLoggerFactory.java:45) - TemplateLoader.findTemplateSource("test-view/test-view.ftl"): Found
2019-04-01 13:17:44,118 +0530 [main] DEBUG (_Log4jLoggerFactory.java:45) - Loading template for "test-view/test-view.ftl"("en", UTF-8, parsed) from "jar:file:/home/suraj/.m2/repository/com/aventstack/extentreports/3.1.2/extentreports-3.1.2.jar!/com/aventstack/extentreports/view/html-report/test-view/test-view.ftl"
2019-04-01 13:17:44,128 +0530 [main] DEBUG (_Log4jLoggerFactory.java:45) - Couldn't find template in cache for "test-view/test-view-charts.ftl"("en", UTF-8, parsed); will try to load it.
2019-04-01 13:17:44,129 +0530 [main] DEBUG (_Log4jLoggerFactory.java:45) - TemplateLoader.findTemplateSource("test-view/test-view-charts_en.ftl"): Not found
2019-04-01 13:17:44,129 +0530 [main] DEBUG (_Log4jLoggerFactory.java:45) - TemplateLoader.findTemplateSource("test-view/test-view-charts.ftl"): Found
2019-04-01 13:17:44,129 +0530 [main] DEBUG (_Log4jLoggerFactory.java:45) - Loading template for "test-view/test-view-charts.ftl"("en", UTF-8, parsed) from "jar:file:/home/suraj/.m2/repository/com/aventstack/extentreports/3.1.2/extentreports-3.1.2.jar!/com/aventstack/extentreports/view/html-report/test-view/test-view-charts.ftl"
2019-04-01 13:17:44,143 +0530 [main] DEBUG (_Log4jLoggerFactory.java:45) - Couldn't find template in cache for "test-view/standard.ftl"("en", UTF-8, parsed); will try to load it.
2019-04-01 13:17:44,144 +0530 [main] DEBUG (_Log4jLoggerFactory.java:45) - TemplateLoader.findTemplateSource("test-view/standard_en.ftl"): Not found
2019-04-01 13:17:44,144 +0530 [main] DEBUG (_Log4jLoggerFactory.java:45) - TemplateLoader.findTemplateSource("test-view/standard.ftl"): Found
2019-04-01 13:17:44,144 +0530 [main] DEBUG (_Log4jLoggerFactory.java:45) - Loading template for "test-view/standard.ftl"("en", UTF-8, parsed) from "jar:file:/home/suraj/.m2/repository/com/aventstack/extentreports/3.1.2/extentreports-3.1.2.jar!/com/aventstack/extentreports/view/html-report/test-view/standard.ftl"
2019-04-01 13:17:44,161 +0530 [main] DEBUG (_Log4jLoggerFactory.java:45) - Couldn't find template in cache for "category-view/category-view.ftl"("en", UTF-8, parsed); will try to load it.
2019-04-01 13:17:44,162 +0530 [main] DEBUG (_Log4jLoggerFactory.java:45) - TemplateLoader.findTemplateSource("category-view/category-view_en.ftl"): Not found
2019-04-01 13:17:44,163 +0530 [main] DEBUG (_Log4jLoggerFactory.java:45) - TemplateLoader.findTemplateSource("category-view/category-view.ftl"): Found
2019-04-01 13:17:44,163 +0530 [main] DEBUG (_Log4jLoggerFactory.java:45) - Loading template for "category-view/category-view.ftl"("en", UTF-8, parsed) from "jar:file:/home/suraj/.m2/repository/com/aventstack/extentreports/3.1.2/extentreports-3.1.2.jar!/com/aventstack/extentreports/view/html-report/category-view/category-view.ftl"
2019-04-01 13:17:44,169 +0530 [main] DEBUG (_Log4jLoggerFactory.java:45) - Couldn't find template in cache for "author-view/author-view.ftl"("en", UTF-8, parsed); will try to load it.
2019-04-01 13:17:44,170 +0530 [main] DEBUG (_Log4jLoggerFactory.java:45) - TemplateLoader.findTemplateSource("author-view/author-view_en.ftl"): Not found
2019-04-01 13:17:44,170 +0530 [main] DEBUG (_Log4jLoggerFactory.java:45) - TemplateLoader.findTemplateSource("author-view/author-view.ftl"): Found
2019-04-01 13:17:44,171 +0530 [main] DEBUG (_Log4jLoggerFactory.java:45) - Loading template for "author-view/author-view.ftl"("en", UTF-8, parsed) from "jar:file:/home/suraj/.m2/repository/com/aventstack/extentreports/3.1.2/extentreports-3.1.2.jar!/com/aventstack/extentreports/view/html-report/author-view/author-view.ftl"
2019-04-01 13:17:44,176 +0530 [main] DEBUG (_Log4jLoggerFactory.java:45) - Couldn't find template in cache for "exception-view/exception-view.ftl"("en", UTF-8, parsed); will try to load it.
2019-04-01 13:17:44,177 +0530 [main] DEBUG (_Log4jLoggerFactory.java:45) - TemplateLoader.findTemplateSource("exception-view/exception-view_en.ftl"): Not found
2019-04-01 13:17:44,177 +0530 [main] DEBUG (_Log4jLoggerFactory.java:45) - TemplateLoader.findTemplateSource("exception-view/exception-view.ftl"): Found
2019-04-01 13:17:44,178 +0530 [main] DEBUG (_Log4jLoggerFactory.java:45) - Loading template for "exception-view/exception-view.ftl"("en", UTF-8, parsed) from "jar:file:/home/suraj/.m2/repository/com/aventstack/extentreports/3.1.2/extentreports-3.1.2.jar!/com/aventstack/extentreports/view/html-report/exception-view/exception-view.ftl"
2019-04-01 13:17:44,183 +0530 [main] DEBUG (_Log4jLoggerFactory.java:45) - Couldn't find template in cache for "dashboard-view/dashboard-view.ftl"("en", UTF-8, parsed); will try to load it.
2019-04-01 13:17:44,184 +0530 [main] DEBUG (_Log4jLoggerFactory.java:45) - TemplateLoader.findTemplateSource("dashboard-view/dashboard-view_en.ftl"): Not found
2019-04-01 13:17:44,185 +0530 [main] DEBUG (_Log4jLoggerFactory.java:45) - TemplateLoader.findTemplateSource("dashboard-view/dashboard-view.ftl"): Found
2019-04-01 13:17:44,185 +0530 [main] DEBUG (_Log4jLoggerFactory.java:45) - Loading template for "dashboard-view/dashboard-view.ftl"("en", UTF-8, parsed) from "jar:file:/home/suraj/.m2/repository/com/aventstack/extentreports/3.1.2/extentreports-3.1.2.jar!/com/aventstack/extentreports/view/html-report/dashboard-view/dashboard-view.ftl"
2019-04-01 13:17:44,197 +0530 [main] DEBUG (_Log4jLoggerFactory.java:45) - Couldn't find template in cache for "logs-view/testrunner-logs-view.ftl"("en", UTF-8, parsed); will try to load it.
2019-04-01 13:17:44,198 +0530 [main] DEBUG (_Log4jLoggerFactory.java:45) - TemplateLoader.findTemplateSource("logs-view/testrunner-logs-view_en.ftl"): Not found
2019-04-01 13:17:44,199 +0530 [main] DEBUG (_Log4jLoggerFactory.java:45) - TemplateLoader.findTemplateSource("logs-view/testrunner-logs-view.ftl"): Found
2019-04-01 13:17:44,199 +0530 [main] DEBUG (_Log4jLoggerFactory.java:45) - Loading template for "logs-view/testrunner-logs-view.ftl"("en", UTF-8, parsed) from "jar:file:/home/suraj/.m2/repository/com/aventstack/extentreports/3.1.2/extentreports-3.1.2.jar!/com/aventstack/extentreports/view/html-report/logs-view/testrunner-logs-view.ftl"
2019-04-02 19:31:21,639 +0530 [main] INFO  (TC_LoginTest_001.java:14) - Url is opened
2019-04-02 19:31:23,053 +0530 [main] INFO  (TC_LoginTest_001.java:18) - Enter username
2019-04-02 19:31:23,206 +0530 [main] INFO  (TC_LoginTest_001.java:21) - Enter password
2019-04-02 19:31:24,923 +0530 [main] INFO  (TC_LoginTest_001.java:27) - Login test passed
2019-04-02 19:31:25,159 +0530 [main] DEBUG (_Log4jLoggerFactory.java:45) - Couldn't find template in cache for "index.ftl"("en", UTF-8, parsed); will try to load it.
2019-04-02 19:31:25,162 +0530 [main] DEBUG (_Log4jLoggerFactory.java:45) - TemplateLoader.findTemplateSource("index_en.ftl"): Not found
2019-04-02 19:31:25,166 +0530 [main] DEBUG (_Log4jLoggerFactory.java:45) - TemplateLoader.findTemplateSource("index.ftl"): Found
2019-04-02 19:31:25,167 +0530 [main] DEBUG (_Log4jLoggerFactory.java:45) - Loading template for "index.ftl"("en", UTF-8, parsed) from "jar:file:/home/suraj/.m2/repository/com/aventstack/extentreports/3.1.2/extentreports-3.1.2.jar!/com/aventstack/extentreports/view/html-report/index.ftl"
2019-04-02 19:31:25,689 +0530 [main] DEBUG (_Log4jLoggerFactory.java:45) - Couldn't find template in cache for "head.ftl"("en", UTF-8, parsed); will try to load it.
2019-04-02 19:31:25,690 +0530 [main] DEBUG (_Log4jLoggerFactory.java:45) - TemplateLoader.findTemplateSource("head_en.ftl"): Not found
2019-04-02 19:31:25,691 +0530 [main] DEBUG (_Log4jLoggerFactory.java:45) - TemplateLoader.findTemplateSource("head.ftl"): Found
2019-04-02 19:31:25,691 +0530 [main] DEBUG (_Log4jLoggerFactory.java:45) - Loading template for "head.ftl"("en", UTF-8, parsed) from "jar:file:/home/suraj/.m2/repository/com/aventstack/extentreports/3.1.2/extentreports-3.1.2.jar!/com/aventstack/extentreports/view/html-report/head.ftl"
2019-04-02 19:31:25,699 +0530 [main] DEBUG (_Log4jLoggerFactory.java:45) - Couldn't find template in cache for "nav.ftl"("en", UTF-8, parsed); will try to load it.
2019-04-02 19:31:25,701 +0530 [main] DEBUG (_Log4jLoggerFactory.java:45) - TemplateLoader.findTemplateSource("nav_en.ftl"): Not found
2019-04-02 19:31:25,702 +0530 [main] DEBUG (_Log4jLoggerFactory.java:45) - TemplateLoader.findTemplateSource("nav.ftl"): Found
2019-04-02 19:31:25,702 +0530 [main] DEBUG (_Log4jLoggerFactory.java:45) - Loading template for "nav.ftl"("en", UTF-8, parsed) from "jar:file:/home/suraj/.m2/repository/com/aventstack/extentreports/3.1.2/extentreports-3.1.2.jar!/com/aventstack/extentreports/view/html-report/nav.ftl"
2019-04-02 19:31:25,716 +0530 [main] DEBUG (_Log4jLoggerFactory.java:45) - Couldn't find template in cache for "test-view/test-view.ftl"("en", UTF-8, parsed); will try to load it.
2019-04-02 19:31:25,718 +0530 [main] DEBUG (_Log4jLoggerFactory.java:45) - TemplateLoader.findTemplateSource("test-view/test-view_en.ftl"): Not found
2019-04-02 19:31:25,722 +0530 [main] DEBUG (_Log4jLoggerFactory.java:45) - TemplateLoader.findTemplateSource("test-view/test-view.ftl"): Found
2019-04-02 19:31:25,722 +0530 [main] DEBUG (_Log4jLoggerFactory.java:45) - Loading template for "test-view/test-view.ftl"("en", UTF-8, parsed) from "jar:file:/home/suraj/.m2/repository/com/aventstack/extentreports/3.1.2/extentreports-3.1.2.jar!/com/aventstack/extentreports/view/html-report/test-view/test-view.ftl"
2019-04-02 19:31:25,736 +0530 [main] DEBUG (_Log4jLoggerFactory.java:45) - Couldn't find template in cache for "test-view/test-view-charts.ftl"("en", UTF-8, parsed); will try to load it.
2019-04-02 19:31:25,737 +0530 [main] DEBUG (_Log4jLoggerFactory.java:45) - TemplateLoader.findTemplateSource("test-view/test-view-charts_en.ftl"): Not found
2019-04-02 19:31:25,738 +0530 [main] DEBUG (_Log4jLoggerFactory.java:45) - TemplateLoader.findTemplateSource("test-view/test-view-charts.ftl"): Found
2019-04-02 19:31:25,738 +0530 [main] DEBUG (_Log4jLoggerFactory.java:45) - Loading template for "test-view/test-view-charts.ftl"("en", UTF-8, parsed) from "jar:file:/home/suraj/.m2/repository/com/aventstack/extentreports/3.1.2/extentreports-3.1.2.jar!/com/aventstack/extentreports/view/html-report/test-view/test-view-charts.ftl"
2019-04-02 19:31:25,765 +0530 [main] DEBUG (_Log4jLoggerFactory.java:45) - Couldn't find template in cache for "test-view/standard.ftl"("en", UTF-8, parsed); will try to load it.
2019-04-02 19:31:25,766 +0530 [main] DEBUG (_Log4jLoggerFactory.java:45) - TemplateLoader.findTemplateSource("test-view/standard_en.ftl"): Not found
2019-04-02 19:31:25,766 +0530 [main] DEBUG (_Log4jLoggerFactory.java:45) - TemplateLoader.findTemplateSource("test-view/standard.ftl"): Found
2019-04-02 19:31:25,767 +0530 [main] DEBUG (_Log4jLoggerFactory.java:45) - Loading template for "test-view/standard.ftl"("en", UTF-8, parsed) from "jar:file:/home/suraj/.m2/repository/com/aventstack/extentreports/3.1.2/extentreports-3.1.2.jar!/com/aventstack/extentreports/view/html-report/test-view/standard.ftl"
2019-04-02 19:31:25,796 +0530 [main] DEBUG (_Log4jLoggerFactory.java:45) - Couldn't find template in cache for "category-view/category-view.ftl"("en", UTF-8, parsed); will try to load it.
2019-04-02 19:31:25,797 +0530 [main] DEBUG (_Log4jLoggerFactory.java:45) - TemplateLoader.findTemplateSource("category-view/category-view_en.ftl"): Not found
2019-04-02 19:31:25,798 +0530 [main] DEBUG (_Log4jLoggerFactory.java:45) - TemplateLoader.findTemplateSource("category-view/category-view.ftl"): Found
2019-04-02 19:31:25,798 +0530 [main] DEBUG (_Log4jLoggerFactory.java:45) - Loading template for "category-view/category-view.ftl"("en", UTF-8, parsed) from "jar:file:/home/suraj/.m2/repository/com/aventstack/extentreports/3.1.2/extentreports-3.1.2.jar!/com/aventstack/extentreports/view/html-report/category-view/category-view.ftl"
2019-04-02 19:31:25,807 +0530 [main] DEBUG (_Log4jLoggerFactory.java:45) - Couldn't find template in cache for "author-view/author-view.ftl"("en", UTF-8, parsed); will try to load it.
2019-04-02 19:31:25,808 +0530 [main] DEBUG (_Log4jLoggerFactory.java:45) - TemplateLoader.findTemplateSource("author-view/author-view_en.ftl"): Not found
2019-04-02 19:31:25,808 +0530 [main] DEBUG (_Log4jLoggerFactory.java:45) - TemplateLoader.findTemplateSource("author-view/author-view.ftl"): Found
2019-04-02 19:31:25,809 +0530 [main] DEBUG (_Log4jLoggerFactory.java:45) - Loading template for "author-view/author-view.ftl"("en", UTF-8, parsed) from "jar:file:/home/suraj/.m2/repository/com/aventstack/extentreports/3.1.2/extentreports-3.1.2.jar!/com/aventstack/extentreports/view/html-report/author-view/author-view.ftl"
2019-04-02 19:31:25,816 +0530 [main] DEBUG (_Log4jLoggerFactory.java:45) - Couldn't find template in cache for "exception-view/exception-view.ftl"("en", UTF-8, parsed); will try to load it.
2019-04-02 19:31:25,817 +0530 [main] DEBUG (_Log4jLoggerFactory.java:45) - TemplateLoader.findTemplateSource("exception-view/exception-view_en.ftl"): Not found
2019-04-02 19:31:25,818 +0530 [main] DEBUG (_Log4jLoggerFactory.java:45) - TemplateLoader.findTemplateSource("exception-view/exception-view.ftl"): Found
2019-04-02 19:31:25,818 +0530 [main] DEBUG (_Log4jLoggerFactory.java:45) - Loading template for "exception-view/exception-view.ftl"("en", UTF-8, parsed) from "jar:file:/home/suraj/.m2/repository/com/aventstack/extentreports/3.1.2/extentreports-3.1.2.jar!/com/aventstack/extentreports/view/html-report/exception-view/exception-view.ftl"
2019-04-02 19:31:25,827 +0530 [main] DEBUG (_Log4jLoggerFactory.java:45) - Couldn't find template in cache for "dashboard-view/dashboard-view.ftl"("en", UTF-8, parsed); will try to load it.
2019-04-02 19:31:25,828 +0530 [main] DEBUG (_Log4jLoggerFactory.java:45) - TemplateLoader.findTemplateSource("dashboard-view/dashboard-view_en.ftl"): Not found
2019-04-02 19:31:25,828 +0530 [main] DEBUG (_Log4jLoggerFactory.java:45) - TemplateLoader.findTemplateSource("dashboard-view/dashboard-view.ftl"): Found
2019-04-02 19:31:25,829 +0530 [main] DEBUG (_Log4jLoggerFactory.java:45) - Loading template for "dashboard-view/dashboard-view.ftl"("en", UTF-8, parsed) from "jar:file:/home/suraj/.m2/repository/com/aventstack/extentreports/3.1.2/extentreports-3.1.2.jar!/com/aventstack/extentreports/view/html-report/dashboard-view/dashboard-view.ftl"
2019-04-02 19:31:25,855 +0530 [main] DEBUG (_Log4jLoggerFactory.java:45) - Couldn't find template in cache for "logs-view/testrunner-logs-view.ftl"("en", UTF-8, parsed); will try to load it.
2019-04-02 19:31:25,856 +0530 [main] DEBUG (_Log4jLoggerFactory.java:45) - TemplateLoader.findTemplateSource("logs-view/testrunner-logs-view_en.ftl"): Not found
2019-04-02 19:31:25,863 +0530 [main] DEBUG (_Log4jLoggerFactory.java:45) - TemplateLoader.findTemplateSource("logs-view/testrunner-logs-view.ftl"): Found
2019-04-02 19:31:25,863 +0530 [main] DEBUG (_Log4jLoggerFactory.java:45) - Loading template for "logs-view/testrunner-logs-view.ftl"("en", UTF-8, parsed) from "jar:file:/home/suraj/.m2/repository/com/aventstack/extentreports/3.1.2/extentreports-3.1.2.jar!/com/aventstack/extentreports/view/html-report/logs-view/testrunner-logs-view.ftl"
